<?xml version="1.0" encoding="UTF-8"?>
<testsuite xmlns:xsi="http://www.w3.org/2001/XMLSchema-instance" xsi:noNamespaceSchemaLocation="https://maven.apache.org/surefire/maven-surefire-plugin/xsd/surefire-test-report.xsd" name="geekbrains.currencyconverter.CurrencyConverterApplicationTests" time="6" tests="1" errors="0" skipped="0" failures="0">
  <properties>
    <property name="sun.desktop" value="windows"/>
    <property name="awt.toolkit" value="sun.awt.windows.WToolkit"/>
    <property name="java.specification.version" value="11"/>
    <property name="sun.cpu.isalist" value="amd64"/>
    <property name="sun.jnu.encoding" value="Cp1251"/>
    <property name="java.class.path" value="C:\Users\igrom\OneDrive\Документы\SPRING\currency-converter\target\test-classes;C:\Users\igrom\OneDrive\Документы\SPRING\currency-converter\target\classes;C:\Users\igrom\.m2\repository\org\springframework\boot\spring-boot-starter-thymeleaf\2.1.18.BUILD-SNAPSHOT\spring-boot-starter-thymeleaf-2.1.18.BUILD-SNAPSHOT.jar;C:\Users\igrom\.m2\repository\org\springframework\boot\spring-boot-starter\2.1.18.BUILD-SNAPSHOT\spring-boot-starter-2.1.18.BUILD-SNAPSHOT.jar;C:\Users\igrom\.m2\repository\org\springframework\boot\spring-boot\2.1.18.BUILD-SNAPSHOT\spring-boot-2.1.18.BUILD-SNAPSHOT.jar;C:\Users\igrom\.m2\repository\org\springframework\boot\spring-boot-autoconfigure\2.1.18.BUILD-SNAPSHOT\spring-boot-autoconfigure-2.1.18.BUILD-SNAPSHOT.jar;C:\Users\igrom\.m2\repository\org\springframework\boot\spring-boot-starter-logging\2.1.18.BUILD-SNAPSHOT\spring-boot-starter-logging-2.1.18.BUILD-SNAPSHOT.jar;C:\Users\igrom\.m2\repository\ch\qos\logback\logback-classic\1.2.3\logback-classic-1.2.3.jar;C:\Users\igrom\.m2\repository\ch\qos\logback\logback-core\1.2.3\logback-core-1.2.3.jar;C:\Users\igrom\.m2\repository\org\apache\logging\log4j\log4j-to-slf4j\2.11.2\log4j-to-slf4j-2.11.2.jar;C:\Users\igrom\.m2\repository\org\apache\logging\log4j\log4j-api\2.11.2\log4j-api-2.11.2.jar;C:\Users\igrom\.m2\repository\org\slf4j\jul-to-slf4j\1.7.30\jul-to-slf4j-1.7.30.jar;C:\Users\igrom\.m2\repository\javax\annotation\javax.annotation-api\1.3.2\javax.annotation-api-1.3.2.jar;C:\Users\igrom\.m2\repository\org\yaml\snakeyaml\1.23\snakeyaml-1.23.jar;C:\Users\igrom\.m2\repository\org\thymeleaf\thymeleaf-spring5\3.0.11.RELEASE\thymeleaf-spring5-3.0.11.RELEASE.jar;C:\Users\igrom\.m2\repository\org\thymeleaf\thymeleaf\3.0.11.RELEASE\thymeleaf-3.0.11.RELEASE.jar;C:\Users\igrom\.m2\repository\org\attoparser\attoparser\2.0.5.RELEASE\attoparser-2.0.5.RELEASE.jar;C:\Users\igrom\.m2\repository\org\unbescape\unbescape\1.1.6.RELEASE\unbescape-1.1.6.RELEASE.jar;C:\Users\igrom\.m2\repository\org\slf4j\slf4j-api\1.7.30\slf4j-api-1.7.30.jar;C:\Users\igrom\.m2\repository\org\thymeleaf\extras\thymeleaf-extras-java8time\3.0.4.RELEASE\thymeleaf-extras-java8time-3.0.4.RELEASE.jar;C:\Users\igrom\.m2\repository\org\springframework\boot\spring-boot-starter-web\2.1.18.BUILD-SNAPSHOT\spring-boot-starter-web-2.1.18.BUILD-SNAPSHOT.jar;C:\Users\igrom\.m2\repository\org\springframework\boot\spring-boot-starter-json\2.1.18.BUILD-SNAPSHOT\spring-boot-starter-json-2.1.18.BUILD-SNAPSHOT.jar;C:\Users\igrom\.m2\repository\com\fasterxml\jackson\core\jackson-databind\2.9.10.6\jackson-databind-2.9.10.6.jar;C:\Users\igrom\.m2\repository\com\fasterxml\jackson\core\jackson-annotations\2.9.10\jackson-annotations-2.9.10.jar;C:\Users\igrom\.m2\repository\com\fasterxml\jackson\core\jackson-core\2.9.10\jackson-core-2.9.10.jar;C:\Users\igrom\.m2\repository\com\fasterxml\jackson\datatype\jackson-datatype-jdk8\2.9.10\jackson-datatype-jdk8-2.9.10.jar;C:\Users\igrom\.m2\repository\com\fasterxml\jackson\datatype\jackson-datatype-jsr310\2.9.10\jackson-datatype-jsr310-2.9.10.jar;C:\Users\igrom\.m2\repository\com\fasterxml\jackson\module\jackson-module-parameter-names\2.9.10\jackson-module-parameter-names-2.9.10.jar;C:\Users\igrom\.m2\repository\org\springframework\boot\spring-boot-starter-tomcat\2.1.18.BUILD-SNAPSHOT\spring-boot-starter-tomcat-2.1.18.BUILD-SNAPSHOT.jar;C:\Users\igrom\.m2\repository\org\apache\tomcat\embed\tomcat-embed-core\9.0.39\tomcat-embed-core-9.0.39.jar;C:\Users\igrom\.m2\repository\org\apache\tomcat\embed\tomcat-embed-el\9.0.39\tomcat-embed-el-9.0.39.jar;C:\Users\igrom\.m2\repository\org\apache\tomcat\embed\tomcat-embed-websocket\9.0.39\tomcat-embed-websocket-9.0.39.jar;C:\Users\igrom\.m2\repository\org\hibernate\validator\hibernate-validator\6.0.21.Final\hibernate-validator-6.0.21.Final.jar;C:\Users\igrom\.m2\repository\javax\validation\validation-api\2.0.1.Final\validation-api-2.0.1.Final.jar;C:\Users\igrom\.m2\repository\org\jboss\logging\jboss-logging\3.3.3.Final\jboss-logging-3.3.3.Final.jar;C:\Users\igrom\.m2\repository\com\fasterxml\classmate\1.4.0\classmate-1.4.0.jar;C:\Users\igrom\.m2\repository\org\springframework\spring-web\5.1.19.RELEASE\spring-web-5.1.19.RELEASE.jar;C:\Users\igrom\.m2\repository\org\springframework\spring-beans\5.1.19.RELEASE\spring-beans-5.1.19.RELEASE.jar;C:\Users\igrom\.m2\repository\org\springframework\spring-webmvc\5.1.19.RELEASE\spring-webmvc-5.1.19.RELEASE.jar;C:\Users\igrom\.m2\repository\org\springframework\spring-aop\5.1.19.RELEASE\spring-aop-5.1.19.RELEASE.jar;C:\Users\igrom\.m2\repository\org\springframework\spring-context\5.1.19.RELEASE\spring-context-5.1.19.RELEASE.jar;C:\Users\igrom\.m2\repository\org\springframework\spring-expression\5.1.19.RELEASE\spring-expression-5.1.19.RELEASE.jar;C:\Users\igrom\.m2\repository\org\springframework\boot\spring-boot-starter-test\2.1.18.BUILD-SNAPSHOT\spring-boot-starter-test-2.1.18.BUILD-SNAPSHOT.jar;C:\Users\igrom\.m2\repository\org\springframework\boot\spring-boot-test\2.1.18.BUILD-SNAPSHOT\spring-boot-test-2.1.18.BUILD-SNAPSHOT.jar;C:\Users\igrom\.m2\repository\org\springframework\boot\spring-boot-test-autoconfigure\2.1.18.BUILD-SNAPSHOT\spring-boot-test-autoconfigure-2.1.18.BUILD-SNAPSHOT.jar;C:\Users\igrom\.m2\repository\com\jayway\jsonpath\json-path\2.4.0\json-path-2.4.0.jar;C:\Users\igrom\.m2\repository\net\minidev\json-smart\2.3\json-smart-2.3.jar;C:\Users\igrom\.m2\repository\net\minidev\accessors-smart\1.2\accessors-smart-1.2.jar;C:\Users\igrom\.m2\repository\org\ow2\asm\asm\5.0.4\asm-5.0.4.jar;C:\Users\igrom\.m2\repository\junit\junit\4.12\junit-4.12.jar;C:\Users\igrom\.m2\repository\org\assertj\assertj-core\3.11.1\assertj-core-3.11.1.jar;C:\Users\igrom\.m2\repository\org\mockito\mockito-core\2.23.4\mockito-core-2.23.4.jar;C:\Users\igrom\.m2\repository\net\bytebuddy\byte-buddy\1.9.16\byte-buddy-1.9.16.jar;C:\Users\igrom\.m2\repository\net\bytebuddy\byte-buddy-agent\1.9.16\byte-buddy-agent-1.9.16.jar;C:\Users\igrom\.m2\repository\org\objenesis\objenesis\2.6\objenesis-2.6.jar;C:\Users\igrom\.m2\repository\org\hamcrest\hamcrest-core\1.3\hamcrest-core-1.3.jar;C:\Users\igrom\.m2\repository\org\hamcrest\hamcrest-library\1.3\hamcrest-library-1.3.jar;C:\Users\igrom\.m2\repository\org\skyscreamer\jsonassert\1.5.0\jsonassert-1.5.0.jar;C:\Users\igrom\.m2\repository\com\vaadin\external\google\android-json\0.0.20131108.vaadin1\android-json-0.0.20131108.vaadin1.jar;C:\Users\igrom\.m2\repository\org\springframework\spring-core\5.1.19.RELEASE\spring-core-5.1.19.RELEASE.jar;C:\Users\igrom\.m2\repository\org\springframework\spring-jcl\5.1.19.RELEASE\spring-jcl-5.1.19.RELEASE.jar;C:\Users\igrom\.m2\repository\org\springframework\spring-test\5.1.19.RELEASE\spring-test-5.1.19.RELEASE.jar;C:\Users\igrom\.m2\repository\org\xmlunit\xmlunit-core\2.6.4\xmlunit-core-2.6.4.jar;C:\Users\igrom\.m2\repository\javax\xml\bind\jaxb-api\2.3.1\jaxb-api-2.3.1.jar;C:\Users\igrom\.m2\repository\javax\activation\javax.activation-api\1.2.0\javax.activation-api-1.2.0.jar;C:\Users\igrom\.m2\repository\com\google\code\gson\gson\2.8.6\gson-2.8.6.jar;"/>
    <property name="java.vm.vendor" value="Amazon.com Inc."/>
    <property name="sun.arch.data.model" value="64"/>
    <property name="user.variant" value=""/>
    <property name="java.vendor.url" value="https://aws.amazon.com/corretto/"/>
    <property name="user.timezone" value="Europe/Moscow"/>
    <property name="java.vm.specification.version" value="11"/>
    <property name="os.name" value="Windows 10"/>
    <property name="sun.java.launcher" value="SUN_STANDARD"/>
    <property name="user.country" value="RU"/>
    <property name="sun.boot.library.path" value="C:\Users\igrom\.jdks\corretto-11.0.9\bin"/>
    <property name="sun.java.command" value="C:\Users\igrom\AppData\Local\Temp\surefire4446338055799931072\surefirebooter11645245161076755072.jar C:\Users\igrom\AppData\Local\Temp\surefire4446338055799931072 2020-11-02T22-38-28_188-jvmRun1 surefire16411864050301140850tmp surefire_07355179681310352795tmp"/>
    <property name="jdk.debug" value="release"/>
    <property name="surefire.test.class.path" value="C:\Users\igrom\OneDrive\Документы\SPRING\currency-converter\target\test-classes;C:\Users\igrom\OneDrive\Документы\SPRING\currency-converter\target\classes;C:\Users\igrom\.m2\repository\org\springframework\boot\spring-boot-starter-thymeleaf\2.1.18.BUILD-SNAPSHOT\spring-boot-starter-thymeleaf-2.1.18.BUILD-SNAPSHOT.jar;C:\Users\igrom\.m2\repository\org\springframework\boot\spring-boot-starter\2.1.18.BUILD-SNAPSHOT\spring-boot-starter-2.1.18.BUILD-SNAPSHOT.jar;C:\Users\igrom\.m2\repository\org\springframework\boot\spring-boot\2.1.18.BUILD-SNAPSHOT\spring-boot-2.1.18.BUILD-SNAPSHOT.jar;C:\Users\igrom\.m2\repository\org\springframework\boot\spring-boot-autoconfigure\2.1.18.BUILD-SNAPSHOT\spring-boot-autoconfigure-2.1.18.BUILD-SNAPSHOT.jar;C:\Users\igrom\.m2\repository\org\springframework\boot\spring-boot-starter-logging\2.1.18.BUILD-SNAPSHOT\spring-boot-starter-logging-2.1.18.BUILD-SNAPSHOT.jar;C:\Users\igrom\.m2\repository\ch\qos\logback\logback-classic\1.2.3\logback-classic-1.2.3.jar;C:\Users\igrom\.m2\repository\ch\qos\logback\logback-core\1.2.3\logback-core-1.2.3.jar;C:\Users\igrom\.m2\repository\org\apache\logging\log4j\log4j-to-slf4j\2.11.2\log4j-to-slf4j-2.11.2.jar;C:\Users\igrom\.m2\repository\org\apache\logging\log4j\log4j-api\2.11.2\log4j-api-2.11.2.jar;C:\Users\igrom\.m2\repository\org\slf4j\jul-to-slf4j\1.7.30\jul-to-slf4j-1.7.30.jar;C:\Users\igrom\.m2\repository\javax\annotation\javax.annotation-api\1.3.2\javax.annotation-api-1.3.2.jar;C:\Users\igrom\.m2\repository\org\yaml\snakeyaml\1.23\snakeyaml-1.23.jar;C:\Users\igrom\.m2\repository\org\thymeleaf\thymeleaf-spring5\3.0.11.RELEASE\thymeleaf-spring5-3.0.11.RELEASE.jar;C:\Users\igrom\.m2\repository\org\thymeleaf\thymeleaf\3.0.11.RELEASE\thymeleaf-3.0.11.RELEASE.jar;C:\Users\igrom\.m2\repository\org\attoparser\attoparser\2.0.5.RELEASE\attoparser-2.0.5.RELEASE.jar;C:\Users\igrom\.m2\repository\org\unbescape\unbescape\1.1.6.RELEASE\unbescape-1.1.6.RELEASE.jar;C:\Users\igrom\.m2\repository\org\slf4j\slf4j-api\1.7.30\slf4j-api-1.7.30.jar;C:\Users\igrom\.m2\repository\org\thymeleaf\extras\thymeleaf-extras-java8time\3.0.4.RELEASE\thymeleaf-extras-java8time-3.0.4.RELEASE.jar;C:\Users\igrom\.m2\repository\org\springframework\boot\spring-boot-starter-web\2.1.18.BUILD-SNAPSHOT\spring-boot-starter-web-2.1.18.BUILD-SNAPSHOT.jar;C:\Users\igrom\.m2\repository\org\springframework\boot\spring-boot-starter-json\2.1.18.BUILD-SNAPSHOT\spring-boot-starter-json-2.1.18.BUILD-SNAPSHOT.jar;C:\Users\igrom\.m2\repository\com\fasterxml\jackson\core\jackson-databind\2.9.10.6\jackson-databind-2.9.10.6.jar;C:\Users\igrom\.m2\repository\com\fasterxml\jackson\core\jackson-annotations\2.9.10\jackson-annotations-2.9.10.jar;C:\Users\igrom\.m2\repository\com\fasterxml\jackson\core\jackson-core\2.9.10\jackson-core-2.9.10.jar;C:\Users\igrom\.m2\repository\com\fasterxml\jackson\datatype\jackson-datatype-jdk8\2.9.10\jackson-datatype-jdk8-2.9.10.jar;C:\Users\igrom\.m2\repository\com\fasterxml\jackson\datatype\jackson-datatype-jsr310\2.9.10\jackson-datatype-jsr310-2.9.10.jar;C:\Users\igrom\.m2\repository\com\fasterxml\jackson\module\jackson-module-parameter-names\2.9.10\jackson-module-parameter-names-2.9.10.jar;C:\Users\igrom\.m2\repository\org\springframework\boot\spring-boot-starter-tomcat\2.1.18.BUILD-SNAPSHOT\spring-boot-starter-tomcat-2.1.18.BUILD-SNAPSHOT.jar;C:\Users\igrom\.m2\repository\org\apache\tomcat\embed\tomcat-embed-core\9.0.39\tomcat-embed-core-9.0.39.jar;C:\Users\igrom\.m2\repository\org\apache\tomcat\embed\tomcat-embed-el\9.0.39\tomcat-embed-el-9.0.39.jar;C:\Users\igrom\.m2\repository\org\apache\tomcat\embed\tomcat-embed-websocket\9.0.39\tomcat-embed-websocket-9.0.39.jar;C:\Users\igrom\.m2\repository\org\hibernate\validator\hibernate-validator\6.0.21.Final\hibernate-validator-6.0.21.Final.jar;C:\Users\igrom\.m2\repository\javax\validation\validation-api\2.0.1.Final\validation-api-2.0.1.Final.jar;C:\Users\igrom\.m2\repository\org\jboss\logging\jboss-logging\3.3.3.Final\jboss-logging-3.3.3.Final.jar;C:\Users\igrom\.m2\repository\com\fasterxml\classmate\1.4.0\classmate-1.4.0.jar;C:\Users\igrom\.m2\repository\org\springframework\spring-web\5.1.19.RELEASE\spring-web-5.1.19.RELEASE.jar;C:\Users\igrom\.m2\repository\org\springframework\spring-beans\5.1.19.RELEASE\spring-beans-5.1.19.RELEASE.jar;C:\Users\igrom\.m2\repository\org\springframework\spring-webmvc\5.1.19.RELEASE\spring-webmvc-5.1.19.RELEASE.jar;C:\Users\igrom\.m2\repository\org\springframework\spring-aop\5.1.19.RELEASE\spring-aop-5.1.19.RELEASE.jar;C:\Users\igrom\.m2\repository\org\springframework\spring-context\5.1.19.RELEASE\spring-context-5.1.19.RELEASE.jar;C:\Users\igrom\.m2\repository\org\springframework\spring-expression\5.1.19.RELEASE\spring-expression-5.1.19.RELEASE.jar;C:\Users\igrom\.m2\repository\org\springframework\boot\spring-boot-starter-test\2.1.18.BUILD-SNAPSHOT\spring-boot-starter-test-2.1.18.BUILD-SNAPSHOT.jar;C:\Users\igrom\.m2\repository\org\springframework\boot\spring-boot-test\2.1.18.BUILD-SNAPSHOT\spring-boot-test-2.1.18.BUILD-SNAPSHOT.jar;C:\Users\igrom\.m2\repository\org\springframework\boot\spring-boot-test-autoconfigure\2.1.18.BUILD-SNAPSHOT\spring-boot-test-autoconfigure-2.1.18.BUILD-SNAPSHOT.jar;C:\Users\igrom\.m2\repository\com\jayway\jsonpath\json-path\2.4.0\json-path-2.4.0.jar;C:\Users\igrom\.m2\repository\net\minidev\json-smart\2.3\json-smart-2.3.jar;C:\Users\igrom\.m2\repository\net\minidev\accessors-smart\1.2\accessors-smart-1.2.jar;C:\Users\igrom\.m2\repository\org\ow2\asm\asm\5.0.4\asm-5.0.4.jar;C:\Users\igrom\.m2\repository\junit\junit\4.12\junit-4.12.jar;C:\Users\igrom\.m2\repository\org\assertj\assertj-core\3.11.1\assertj-core-3.11.1.jar;C:\Users\igrom\.m2\repository\org\mockito\mockito-core\2.23.4\mockito-core-2.23.4.jar;C:\Users\igrom\.m2\repository\net\bytebuddy\byte-buddy\1.9.16\byte-buddy-1.9.16.jar;C:\Users\igrom\.m2\repository\net\bytebuddy\byte-buddy-agent\1.9.16\byte-buddy-agent-1.9.16.jar;C:\Users\igrom\.m2\repository\org\objenesis\objenesis\2.6\objenesis-2.6.jar;C:\Users\igrom\.m2\repository\org\hamcrest\hamcrest-core\1.3\hamcrest-core-1.3.jar;C:\Users\igrom\.m2\repository\org\hamcrest\hamcrest-library\1.3\hamcrest-library-1.3.jar;C:\Users\igrom\.m2\repository\org\skyscreamer\jsonassert\1.5.0\jsonassert-1.5.0.jar;C:\Users\igrom\.m2\repository\com\vaadin\external\google\android-json\0.0.20131108.vaadin1\android-json-0.0.20131108.vaadin1.jar;C:\Users\igrom\.m2\repository\org\springframework\spring-core\5.1.19.RELEASE\spring-core-5.1.19.RELEASE.jar;C:\Users\igrom\.m2\repository\org\springframework\spring-jcl\5.1.19.RELEASE\spring-jcl-5.1.19.RELEASE.jar;C:\Users\igrom\.m2\repository\org\springframework\spring-test\5.1.19.RELEASE\spring-test-5.1.19.RELEASE.jar;C:\Users\igrom\.m2\repository\org\xmlunit\xmlunit-core\2.6.4\xmlunit-core-2.6.4.jar;C:\Users\igrom\.m2\repository\javax\xml\bind\jaxb-api\2.3.1\jaxb-api-2.3.1.jar;C:\Users\igrom\.m2\repository\javax\activation\javax.activation-api\1.2.0\javax.activation-api-1.2.0.jar;C:\Users\igrom\.m2\repository\com\google\code\gson\gson\2.8.6\gson-2.8.6.jar;"/>
    <property name="sun.cpu.endian" value="little"/>
    <property name="user.home" value="C:\Users\igrom"/>
    <property name="user.language" value="ru"/>
    <property name="java.specification.vendor" value="Oracle Corporation"/>
    <property name="java.version.date" value="2020-10-20"/>
    <property name="java.home" value="C:\Users\igrom\.jdks\corretto-11.0.9"/>
    <property name="file.separator" value="\"/>
    <property name="basedir" value="C:\Users\igrom\OneDrive\Документы\SPRING\currency-converter"/>
    <property name="java.vm.compressedOopsMode" value="32-bit"/>
    <property name="line.separator" value="&#10;"/>
    <property name="java.specification.name" value="Java Platform API Specification"/>
    <property name="java.vm.specification.vendor" value="Oracle Corporation"/>
    <property name="java.awt.graphicsenv" value="sun.awt.Win32GraphicsEnvironment"/>
    <property name="surefire.real.class.path" value="C:\Users\igrom\AppData\Local\Temp\surefire4446338055799931072\surefirebooter11645245161076755072.jar"/>
    <property name="user.script" value=""/>
    <property name="sun.management.compiler" value="HotSpot 64-Bit Tiered Compilers"/>
    <property name="java.runtime.version" value="11.0.9+11-LTS"/>
    <property name="user.name" value="igrom"/>
    <property name="path.separator" value=";"/>
    <property name="os.version" value="10.0"/>
    <property name="java.runtime.name" value="OpenJDK Runtime Environment"/>
    <property name="file.encoding" value="Cp1251"/>
    <property name="java.vm.name" value="OpenJDK 64-Bit Server VM"/>
    <property name="java.vendor.version" value="Corretto-11.0.9.11.2"/>
    <property name="localRepository" value="C:\Users\igrom\.m2\repository"/>
    <property name="java.vendor.url.bug" value="https://github.com/corretto/corretto-11/issues/"/>
    <property name="java.io.tmpdir" value="C:\Users\igrom\AppData\Local\Temp\"/>
    <property name="idea.version" value="2020.3"/>
    <property name="java.version" value="11.0.9"/>
    <property name="user.dir" value="C:\Users\igrom\OneDrive\Документы\SPRING\currency-converter"/>
    <property name="os.arch" value="amd64"/>
    <property name="java.vm.specification.name" value="Java Virtual Machine Specification"/>
    <property name="java.awt.printerjob" value="sun.awt.windows.WPrinterJob"/>
    <property name="sun.os.patch.level" value=""/>
    <property name="java.library.path" value="C:\Users\igrom\.jdks\corretto-11.0.9\bin;C:\windows\Sun\Java\bin;C:\windows\system32;C:\windows;C:\Program Files\Java\jdk-15.0.1\bin;C:\Program Files\Common Files\Oracle\Java\javapath;C:\Program Files (x86)\Common Files\Oracle\Java\javapath;C:\windows\system32;C:\windows;C:\windows\System32\Wbem;C:\windows\System32\WindowsPowerShell\v1.0\;C:\windows\System32\OpenSSH\;C:\Program Files\Git\cmd;C:\Program Files\PuTTY\;C:\Users\igrom\AppData\Local\Microsoft\WindowsApps;C:\Users\igrom\AppData\Local\GitHubDesktop\bin;C:\Program Files\JetBrains\IntelliJ IDEA 203.5251.39\bin;;."/>
    <property name="java.vm.info" value="mixed mode"/>
    <property name="java.vendor" value="Amazon.com Inc."/>
    <property name="java.vm.version" value="11.0.9+11-LTS"/>
    <property name="sun.io.unicode.encoding" value="UnicodeLittle"/>
    <property name="java.class.version" value="55.0"/>
  </properties>
  <testcase name="contextLoads" classname="geekbrains.currencyconverter.CurrencyConverterApplicationTests" time="0.554"/>
</testsuite>